app/build/intermediates/manifest_merge_blame_file/debug/manifest-merger-blame-debug-report.txt
1<?xml version="1.0" encoding="utf-8"?>
2<manifest xmlns:android="http://schemas.android.com/apk/res/android"
3    package="com.example.project2v001"
4    android:versionCode="1"
5    android:versionName="1.0" >
6
7    <uses-sdk
8        android:minSdkVersion="16"
8-->src\main\AndroidManifest.xml
9        android:targetSdkVersion="29" />
9-->src\main\AndroidManifest.xml
10
11    <uses-permission android:name="android.permission.INTERNET" />
11-->src\main\AndroidManifest.xml:6:5-67
11-->src\main\AndroidManifest.xml:6:22-64
12    <uses-permission android:name="android.permission.ACCESS_NETWORK_STATE" />
12-->src\main\AndroidManifest.xml:7:5-79
12-->src\main\AndroidManifest.xml:7:22-76
13    <uses-permission android:name="android.permission.READ_EXTERNAL_STORAGE" />
13-->src\main\AndroidManifest.xml:8:5-80
13-->src\main\AndroidManifest.xml:8:22-77
14    <uses-permission android:name="android.permission.WRITE_EXTERNAL_STORAGE" />
14-->src\main\AndroidManifest.xml:9:5-81
14-->src\main\AndroidManifest.xml:9:22-78
15    <uses-permission android:name="com.sec.android.provider.badge.permission.WRITE" />
15-->src\main\AndroidManifest.xml:10:5-87
15-->src\main\AndroidManifest.xml:10:22-84
16    <uses-permission android:name="com.sec.android.provider.badge.permission.WRITE" />
16-->src\main\AndroidManifest.xml:10:5-87
16-->src\main\AndroidManifest.xml:10:22-84
17
18    <application
18-->src\main\AndroidManifest.xml:13:5-48:19
19        android:name="androidx.multidex.MultiDexApplication"
20        android:allowBackup="true"
20-->src\main\AndroidManifest.xml:14:9-35
21        android:appComponentFactory="androidx.core.app.CoreComponentFactory"
21-->[androidx.core:core:1.1.0] AndroidManifest.xml:24:18-86
22        android:debuggable="true"
23        android:icon="@mipmap/ic_launcher"
23-->src\main\AndroidManifest.xml:15:9-43
24        android:label="@string/app_name"
24-->src\main\AndroidManifest.xml:16:9-41
25        android:roundIcon="@mipmap/ic_launcher_round"
25-->src\main\AndroidManifest.xml:17:9-54
26        android:supportsRtl="true"
26-->src\main\AndroidManifest.xml:18:9-35
27        android:testOnly="true"
28        android:theme="@style/AppTheme" >
28-->src\main\AndroidManifest.xml:19:9-40
29        <activity android:name="com.example.project2v001.ChatActivity" />
29-->src\main\AndroidManifest.xml:20:9-59
29-->src\main\AndroidManifest.xml:20:19-47
30        <activity android:name="com.example.project2v001.RequestsActivity" />
30-->src\main\AndroidManifest.xml:21:9-54
30-->src\main\AndroidManifest.xml:21:19-51
31        <activity android:name="com.example.project2v001.BookSelectionActivity" />
31-->src\main\AndroidManifest.xml:22:9-59
31-->src\main\AndroidManifest.xml:22:19-56
32        <activity
32-->src\main\AndroidManifest.xml:23:9-25:58
33            android:name="com.example.project2v001.PostActivity"
33-->src\main\AndroidManifest.xml:24:13-41
34            android:parentActivityName="com.example.project2v001.MainActivity" />
34-->src\main\AndroidManifest.xml:25:13-55
35        <activity
35-->src\main\AndroidManifest.xml:26:9-28:59
36            android:name="com.theartofdev.edmodo.cropper.CropImageActivity"
36-->src\main\AndroidManifest.xml:27:13-76
37            android:theme="@style/Base.Theme.AppCompat" /> <!-- optional (needed if default theme has no action bar) -->
37-->src\main\AndroidManifest.xml:28:13-56
38        <activity android:name="com.example.project2v001.AccountSettingsActivity" />
38-->src\main\AndroidManifest.xml:29:9-61
38-->src\main\AndroidManifest.xml:29:19-58
39        <activity
39-->src\main\AndroidManifest.xml:30:9-33:56
40            android:name="com.example.project2v001.RegisterActivity"
40-->src\main\AndroidManifest.xml:31:13-45
41            android:screenOrientation="portrait" />
41-->src\main\AndroidManifest.xml:32:13-49
42        <activity
42-->src\main\AndroidManifest.xml:34:9-37:56
43            android:name="com.example.project2v001.LoginActivity"
43-->src\main\AndroidManifest.xml:35:13-42
44            android:screenOrientation="portrait" />
44-->src\main\AndroidManifest.xml:36:13-49
45        <activity
45-->src\main\AndroidManifest.xml:38:9-47:20
46            android:name="com.example.project2v001.MainActivity"
46-->src\main\AndroidManifest.xml:39:13-41
47            android:screenOrientation="portrait" >
47-->src\main\AndroidManifest.xml:40:13-49
48            <intent-filter>
48-->src\main\AndroidManifest.xml:42:13-46:29
49                <action android:name="android.intent.action.MAIN" />
49-->src\main\AndroidManifest.xml:43:17-69
49-->src\main\AndroidManifest.xml:43:25-66
50
51                <category android:name="android.intent.category.LAUNCHER" />
51-->src\main\AndroidManifest.xml:45:17-77
51-->src\main\AndroidManifest.xml:45:27-74
52            </intent-filter>
53        </activity>
54        <activity
54-->[com.google.firebase:firebase-auth:19.2.0] AndroidManifest.xml:24:9-31:50
55            android:name="com.google.firebase.auth.internal.FederatedSignInActivity"
55-->[com.google.firebase:firebase-auth:19.2.0] AndroidManifest.xml:25:13-85
56            android:excludeFromRecents="true"
56-->[com.google.firebase:firebase-auth:19.2.0] AndroidManifest.xml:26:13-46
57            android:exported="true"
57-->[com.google.firebase:firebase-auth:19.2.0] AndroidManifest.xml:27:13-36
58            android:launchMode="singleTask"
58-->[com.google.firebase:firebase-auth:19.2.0] AndroidManifest.xml:28:13-44
59            android:permission="com.google.firebase.auth.api.gms.permission.LAUNCH_FEDERATED_SIGN_IN"
59-->[com.google.firebase:firebase-auth:19.2.0] AndroidManifest.xml:29:13-102
60            android:theme="@android:style/Theme.Translucent.NoTitleBar" />
60-->[com.google.firebase:firebase-auth:19.2.0] AndroidManifest.xml:30:13-72
61
62        <service
62-->[com.google.firebase:firebase-auth:19.2.0] AndroidManifest.xml:33:9-39:19
63            android:name="com.google.firebase.components.ComponentDiscoveryService"
63-->[com.google.firebase:firebase-auth:19.2.0] AndroidManifest.xml:34:13-84
64            android:directBootAware="true"
64-->[com.google.firebase:firebase-common:19.3.0] AndroidManifest.xml:34:13-43
65            android:exported="false" >
65-->[com.google.firebase:firebase-auth:19.2.0] AndroidManifest.xml:35:13-37
66            <meta-data
66-->[com.google.firebase:firebase-auth:19.2.0] AndroidManifest.xml:36:13-38:85
67                android:name="com.google.firebase.components:com.google.firebase.auth.FirebaseAuthRegistrar"
67-->[com.google.firebase:firebase-auth:19.2.0] AndroidManifest.xml:37:17-109
68                android:value="com.google.firebase.components.ComponentRegistrar" />
68-->[com.google.firebase:firebase-auth:19.2.0] AndroidManifest.xml:38:17-82
69            <meta-data
69-->[com.google.firebase:firebase-storage:19.1.1] AndroidManifest.xml:33:13-35:85
70                android:name="com.google.firebase.components:com.google.firebase.storage.StorageRegistrar"
70-->[com.google.firebase:firebase-storage:19.1.1] AndroidManifest.xml:34:17-107
71                android:value="com.google.firebase.components.ComponentRegistrar" />
71-->[com.google.firebase:firebase-storage:19.1.1] AndroidManifest.xml:35:17-82
72            <meta-data
72-->[com.google.firebase:firebase-firestore:21.4.1] AndroidManifest.xml:20:13-22:85
73                android:name="com.google.firebase.components:com.google.firebase.firestore.FirestoreRegistrar"
73-->[com.google.firebase:firebase-firestore:21.4.1] AndroidManifest.xml:21:17-111
74                android:value="com.google.firebase.components.ComponentRegistrar" />
74-->[com.google.firebase:firebase-firestore:21.4.1] AndroidManifest.xml:22:17-82
75            <meta-data
75-->[com.google.firebase:firebase-database:19.2.1] AndroidManifest.xml:32:13-34:85
76                android:name="com.google.firebase.components:com.google.firebase.database.DatabaseRegistrar"
76-->[com.google.firebase:firebase-database:19.2.1] AndroidManifest.xml:33:17-109
77                android:value="com.google.firebase.components.ComponentRegistrar" />
77-->[com.google.firebase:firebase-database:19.2.1] AndroidManifest.xml:34:17-82
78        </service>
79
80        <activity
80-->[com.google.android.gms:play-services-base:17.1.0] AndroidManifest.xml:23:9-26:75
81            android:name="com.google.android.gms.common.api.GoogleApiActivity"
81-->[com.google.android.gms:play-services-base:17.1.0] AndroidManifest.xml:24:13-79
82            android:exported="false"
82-->[com.google.android.gms:play-services-base:17.1.0] AndroidManifest.xml:25:13-37
83            android:theme="@android:style/Theme.Translucent.NoTitleBar" />
83-->[com.google.android.gms:play-services-base:17.1.0] AndroidManifest.xml:26:13-72
84
85        <provider
85-->[com.google.firebase:firebase-common:19.3.0] AndroidManifest.xml:26:9-30:39
86            android:name="com.google.firebase.provider.FirebaseInitProvider"
86-->[com.google.firebase:firebase-common:19.3.0] AndroidManifest.xml:27:13-77
87            android:authorities="com.example.project2v001.firebaseinitprovider"
87-->[com.google.firebase:firebase-common:19.3.0] AndroidManifest.xml:28:13-72
88            android:exported="false"
88-->[com.google.firebase:firebase-common:19.3.0] AndroidManifest.xml:29:13-37
89            android:initOrder="100" />
89-->[com.google.firebase:firebase-common:19.3.0] AndroidManifest.xml:30:13-36
90
91        <meta-data
91-->[com.google.android.gms:play-services-basement:17.0.0] AndroidManifest.xml:23:9-25:69
92            android:name="com.google.android.gms.version"
92-->[com.google.android.gms:play-services-basement:17.0.0] AndroidManifest.xml:24:13-58
93            android:value="@integer/google_play_services_version" />
93-->[com.google.android.gms:play-services-basement:17.0.0] AndroidManifest.xml:25:13-66
94    </application>
95
96</manifest>